0 info it worked if it ends with ok
1 verbose cli [ '/usr/bin/node', '/usr/bin/npm', 'run', 'build' ]
2 info using npm@6.14.15
3 info using node@v12.22.7
4 verbose run-script [ 'prebuild', 'build', 'postbuild' ]
5 info lifecycle spurtcommerce@3.0.2~prebuild: spurtcommerce@3.0.2
6 info lifecycle spurtcommerce@3.0.2~build: spurtcommerce@3.0.2
7 verbose lifecycle spurtcommerce@3.0.2~build: unsafe-perm in lifecycle true
8 verbose lifecycle spurtcommerce@3.0.2~build: PATH: /usr/lib/node_modules/npm/node_modules/npm-lifecycle/node-gyp-bin:/webroot/public_html/websites/odz/marketplace/store/node_modules/.bin:/usr/local/sbin:/usr/local/bin:/usr/sbin:/usr/bin:/sbin:/bin:/usr/games:/usr/local/games:/snap/bin
9 verbose lifecycle spurtcommerce@3.0.2~build: CWD: /webroot/public_html/websites/odz/marketplace/store
10 silly lifecycle spurtcommerce@3.0.2~build: Args: [ '-c', 'ng build' ]
11 info lifecycle spurtcommerce@3.0.2~build: Failed to exec build script
12 verbose stack Error: spurtcommerce@3.0.2 build: `ng build`
12 verbose stack spawn ENOENT
12 verbose stack     at ChildProcess.<anonymous> (/usr/lib/node_modules/npm/node_modules/npm-lifecycle/lib/spawn.js:48:18)
12 verbose stack     at ChildProcess.emit (events.js:314:20)
12 verbose stack     at maybeClose (internal/child_process.js:1022:16)
12 verbose stack     at Process.ChildProcess._handle.onexit (internal/child_process.js:287:5)
13 verbose pkgid spurtcommerce@3.0.2
14 verbose cwd /webroot/public_html/websites/odz/marketplace/store
15 verbose Linux 4.15.0-143-generic
16 verbose argv "/usr/bin/node" "/usr/bin/npm" "run" "build"
17 verbose node v12.22.7
18 verbose npm  v6.14.15
19 error code ELIFECYCLE
20 error syscall spawn
21 error file sh
22 error errno ENOENT
23 error spurtcommerce@3.0.2 build: `ng build`
23 error spawn ENOENT
24 error Failed at the spurtcommerce@3.0.2 build script.
24 error This is probably not a problem with npm. There is likely additional logging output above.
25 verbose exit [ 1, true ]
